{"/Users/omooba/Desktop/CSS-Assignment/assignment-css/BookstoreApp/test/library.js": {"path":"/Users/omooba/Desktop/CSS-Assignment/assignment-css/BookstoreApp/test/library.js","statementMap":{"0":{"start":{"line":1,"column":16},"end":{"line":1,"column":18}},"1":{"start":{"line":4,"column":2},"end":{"line":4,"column":21}},"2":{"start":{"line":5,"column":2},"end":{"line":5,"column":23}},"3":{"start":{"line":6,"column":2},"end":{"line":6,"column":21}},"4":{"start":{"line":7,"column":2},"end":{"line":7,"column":19}},"5":{"start":{"line":11,"column":2},"end":{"line":15,"column":3}},"6":{"start":{"line":12,"column":4},"end":{"line":12,"column":19}},"7":{"start":{"line":14,"column":4},"end":{"line":14,"column":62}},"8":{"start":{"line":16,"column":2},"end":{"line":16,"column":19}},"9":{"start":{"line":20,"column":2},"end":{"line":20,"column":63}},"10":{"start":{"line":24,"column":2},"end":{"line":28,"column":5}},"11":{"start":{"line":25,"column":4},"end":{"line":27,"column":5}},"12":{"start":{"line":26,"column":6},"end":{"line":26,"column":33}},"13":{"start":{"line":29,"column":2},"end":{"line":29,"column":63}},"14":{"start":{"line":33,"column":2},"end":{"line":33,"column":21}},"15":{"start":{"line":34,"column":14},"end":{"line":34,"column":52}},"16":{"start":{"line":35,"column":2},"end":{"line":35,"column":21}},"17":{"start":{"line":36,"column":15},"end":{"line":36,"column":54}},"18":{"start":{"line":37,"column":2},"end":{"line":37,"column":22}},"19":{"start":{"line":38,"column":14},"end":{"line":38,"column":52}},"20":{"start":{"line":39,"column":2},"end":{"line":39,"column":21}},"21":{"start":{"line":40,"column":13},"end":{"line":40,"column":50}},"22":{"start":{"line":41,"column":2},"end":{"line":41,"column":20}},"23":{"start":{"line":43,"column":13},"end":{"line":43,"column":49}},"24":{"start":{"line":45,"column":2},"end":{"line":57,"column":3}},"25":{"start":{"line":46,"column":4},"end":{"line":46,"column":52}},"26":{"start":{"line":47,"column":9},"end":{"line":57,"column":3}},"27":{"start":{"line":48,"column":4},"end":{"line":48,"column":58}},"28":{"start":{"line":49,"column":9},"end":{"line":57,"column":3}},"29":{"start":{"line":49,"column":38},"end":{"line":49,"column":58}},"30":{"start":{"line":50,"column":4},"end":{"line":50,"column":46}},"31":{"start":{"line":52,"column":4},"end":{"line":52,"column":25}},"32":{"start":{"line":53,"column":4},"end":{"line":53,"column":25}},"33":{"start":{"line":54,"column":4},"end":{"line":54,"column":22}},"34":{"start":{"line":55,"column":4},"end":{"line":55,"column":39}},"35":{"start":{"line":56,"column":4},"end":{"line":56,"column":16}},"36":{"start":{"line":61,"column":2},"end":{"line":63,"column":5}},"37":{"start":{"line":62,"column":4},"end":{"line":62,"column":22}},"38":{"start":{"line":67,"column":14},"end":{"line":67,"column":43}},"39":{"start":{"line":68,"column":2},"end":{"line":68,"column":39}},"40":{"start":{"line":69,"column":2},"end":{"line":69,"column":52}},"41":{"start":{"line":70,"column":20},"end":{"line":70,"column":59}},"42":{"start":{"line":71,"column":15},"end":{"line":71,"column":50}},"43":{"start":{"line":72,"column":2},"end":{"line":72,"column":36}},"44":{"start":{"line":74,"column":2},"end":{"line":74,"column":68}},"45":{"start":{"line":74,"column":19},"end":{"line":74,"column":60}},"46":{"start":{"line":78,"column":14},"end":{"line":78,"column":24}},"47":{"start":{"line":79,"column":15},"end":{"line":79,"column":26}},"48":{"start":{"line":80,"column":14},"end":{"line":80,"column":24}},"49":{"start":{"line":81,"column":13},"end":{"line":81,"column":22}},"50":{"start":{"line":83,"column":13},"end":{"line":89,"column":11}},"51":{"start":{"line":91,"column":16},"end":{"line":91,"column":53}},"52":{"start":{"line":92,"column":2},"end":{"line":92,"column":28}},"53":{"start":{"line":94,"column":18},"end":{"line":94,"column":54}},"54":{"start":{"line":95,"column":2},"end":{"line":97,"column":5}},"55":{"start":{"line":96,"column":4},"end":{"line":96,"column":46}},"56":{"start":{"line":101,"column":2},"end":{"line":106,"column":3}},"57":{"start":{"line":102,"column":4},"end":{"line":102,"column":50}},"58":{"start":{"line":103,"column":4},"end":{"line":103,"column":77}},"59":{"start":{"line":104,"column":4},"end":{"line":104,"column":54}},"60":{"start":{"line":105,"column":4},"end":{"line":105,"column":54}},"61":{"start":{"line":109,"column":21},"end":{"line":120,"column":1}},"62":{"start":{"line":110,"column":22},"end":{"line":110,"column":50}},"63":{"start":{"line":111,"column":16},"end":{"line":111,"column":50}},"64":{"start":{"line":112,"column":2},"end":{"line":119,"column":5}},"65":{"start":{"line":113,"column":18},"end":{"line":113,"column":60}},"66":{"start":{"line":114,"column":4},"end":{"line":118,"column":5}},"67":{"start":{"line":115,"column":6},"end":{"line":115,"column":35}},"68":{"start":{"line":117,"column":6},"end":{"line":117,"column":34}},"69":{"start":{"line":122,"column":0},"end":{"line":122,"column":22}},"70":{"start":{"line":123,"column":0},"end":{"line":123,"column":25}},"71":{"start":{"line":124,"column":0},"end":{"line":124,"column":27}},"72":{"start":{"line":125,"column":0},"end":{"line":125,"column":28}},"73":{"start":{"line":126,"column":0},"end":{"line":126,"column":34}},"74":{"start":{"line":127,"column":0},"end":{"line":127,"column":30}},"75":{"start":{"line":128,"column":0},"end":{"line":128,"column":27}}},"fnMap":{"0":{"name":"Book","decl":{"start":{"line":3,"column":9},"end":{"line":3,"column":13}},"loc":{"start":{"line":3,"column":42},"end":{"line":8,"column":1}},"line":3},"1":{"name":"getBook","decl":{"start":{"line":10,"column":9},"end":{"line":10,"column":16}},"loc":{"start":{"line":10,"column":19},"end":{"line":17,"column":1}},"line":10},"2":{"name":"storeBook","decl":{"start":{"line":19,"column":9},"end":{"line":19,"column":18}},"loc":{"start":{"line":19,"column":30},"end":{"line":21,"column":1}},"line":19},"3":{"name":"deleteBook","decl":{"start":{"line":23,"column":9},"end":{"line":23,"column":19}},"loc":{"start":{"line":23,"column":27},"end":{"line":30,"column":1}},"line":23},"4":{"name":"(anonymous_4)","decl":{"start":{"line":24,"column":20},"end":{"line":24,"column":21}},"loc":{"start":{"line":24,"column":37},"end":{"line":28,"column":3}},"line":24},"5":{"name":"addBookToLibrary","decl":{"start":{"line":32,"column":9},"end":{"line":32,"column":25}},"loc":{"start":{"line":32,"column":29},"end":{"line":58,"column":1}},"line":32},"6":{"name":"(anonymous_6)","decl":{"start":{"line":49,"column":28},"end":{"line":49,"column":29}},"loc":{"start":{"line":49,"column":38},"end":{"line":49,"column":58}},"line":49},"7":{"name":"showAllBooks","decl":{"start":{"line":60,"column":9},"end":{"line":60,"column":21}},"loc":{"start":{"line":60,"column":24},"end":{"line":64,"column":1}},"line":60},"8":{"name":"(anonymous_8)","decl":{"start":{"line":61,"column":20},"end":{"line":61,"column":21}},"loc":{"start":{"line":61,"column":30},"end":{"line":63,"column":3}},"line":61},"9":{"name":"showAlert","decl":{"start":{"line":66,"column":9},"end":{"line":66,"column":18}},"loc":{"start":{"line":66,"column":39},"end":{"line":75,"column":1}},"line":66},"10":{"name":"(anonymous_10)","decl":{"start":{"line":74,"column":13},"end":{"line":74,"column":14}},"loc":{"start":{"line":74,"column":19},"end":{"line":74,"column":60}},"line":74},"11":{"name":"displayBook","decl":{"start":{"line":77,"column":9},"end":{"line":77,"column":20}},"loc":{"start":{"line":77,"column":27},"end":{"line":98,"column":1}},"line":77},"12":{"name":"(anonymous_12)","decl":{"start":{"line":95,"column":20},"end":{"line":95,"column":21}},"loc":{"start":{"line":95,"column":29},"end":{"line":97,"column":3}},"line":95},"13":{"name":"removeBook","decl":{"start":{"line":100,"column":9},"end":{"line":100,"column":19}},"loc":{"start":{"line":100,"column":23},"end":{"line":107,"column":1}},"line":100},"14":{"name":"(anonymous_14)","decl":{"start":{"line":109,"column":21},"end":{"line":109,"column":22}},"loc":{"start":{"line":109,"column":28},"end":{"line":120,"column":1}},"line":109},"15":{"name":"(anonymous_15)","decl":{"start":{"line":112,"column":16},"end":{"line":112,"column":17}},"loc":{"start":{"line":112,"column":26},"end":{"line":119,"column":3}},"line":112}},"branchMap":{"0":{"loc":{"start":{"line":11,"column":2},"end":{"line":15,"column":3}},"type":"if","locations":[{"start":{"line":11,"column":2},"end":{"line":15,"column":3}},{"start":{"line":13,"column":9},"end":{"line":15,"column":3}}],"line":11},"1":{"loc":{"start":{"line":25,"column":4},"end":{"line":27,"column":5}},"type":"if","locations":[{"start":{"line":25,"column":4},"end":{"line":27,"column":5}},{"start":{},"end":{}}],"line":25},"2":{"loc":{"start":{"line":45,"column":2},"end":{"line":57,"column":3}},"type":"if","locations":[{"start":{"line":45,"column":2},"end":{"line":57,"column":3}},{"start":{"line":47,"column":9},"end":{"line":57,"column":3}}],"line":45},"3":{"loc":{"start":{"line":45,"column":6},"end":{"line":45,"column":66}},"type":"binary-expr","locations":[{"start":{"line":45,"column":6},"end":{"line":45,"column":18}},{"start":{"line":45,"column":22},"end":{"line":45,"column":35}},{"start":{"line":45,"column":39},"end":{"line":45,"column":51}},{"start":{"line":45,"column":55},"end":{"line":45,"column":66}}],"line":45},"4":{"loc":{"start":{"line":47,"column":9},"end":{"line":57,"column":3}},"type":"if","locations":[{"start":{"line":47,"column":9},"end":{"line":57,"column":3}},{"start":{"line":49,"column":9},"end":{"line":57,"column":3}}],"line":47},"5":{"loc":{"start":{"line":49,"column":9},"end":{"line":57,"column":3}},"type":"if","locations":[{"start":{"line":49,"column":9},"end":{"line":57,"column":3}},{"start":{"line":51,"column":9},"end":{"line":57,"column":3}}],"line":49},"6":{"loc":{"start":{"line":101,"column":2},"end":{"line":106,"column":3}},"type":"if","locations":[{"start":{"line":101,"column":2},"end":{"line":106,"column":3}},{"start":{},"end":{}}],"line":101},"7":{"loc":{"start":{"line":114,"column":4},"end":{"line":118,"column":5}},"type":"if","locations":[{"start":{"line":114,"column":4},"end":{"line":118,"column":5}},{"start":{"line":116,"column":11},"end":{"line":118,"column":5}}],"line":114}},"s":{"0":1,"1":0,"2":0,"3":0,"4":0,"5":0,"6":0,"7":0,"8":0,"9":0,"10":0,"11":0,"12":0,"13":0,"14":0,"15":0,"16":0,"17":0,"18":0,"19":0,"20":0,"21":0,"22":0,"23":0,"24":0,"25":0,"26":0,"27":0,"28":0,"29":0,"30":0,"31":0,"32":0,"33":0,"34":0,"35":0,"36":0,"37":0,"38":2,"39":0,"40":0,"41":0,"42":0,"43":0,"44":0,"45":0,"46":0,"47":0,"48":0,"49":0,"50":0,"51":0,"52":0,"53":0,"54":0,"55":0,"56":0,"57":0,"58":0,"59":0,"60":0,"61":1,"62":0,"63":0,"64":0,"65":0,"66":0,"67":0,"68":0,"69":1,"70":1,"71":1,"72":1,"73":1,"74":1,"75":1},"f":{"0":0,"1":0,"2":0,"3":0,"4":0,"5":0,"6":0,"7":0,"8":0,"9":2,"10":0,"11":0,"12":0,"13":0,"14":0,"15":0},"b":{"0":[0,0],"1":[0,0],"2":[0,0],"3":[0,0,0,0],"4":[0,0],"5":[0,0],"6":[0,0],"7":[0,0]},"_coverageSchema":"1a1c01bbd47fc00a2c39e90264f33305004495a9","hash":"200ed74c36ecf14c16bddcd8a0ba30472f91cd67"}
}
