TN:
SF:test/library.js
FN:3,Book
FN:10,getBook
FN:19,storeBook
FN:23,deleteBook
FN:24,(anonymous_4)
FN:32,addBookToLibrary
FN:49,(anonymous_6)
FN:60,showAllBooks
FN:61,(anonymous_8)
FN:66,showAlert
FN:74,(anonymous_10)
FN:77,displayBook
FN:95,(anonymous_12)
FN:100,removeBook
FN:109,(anonymous_14)
FN:112,(anonymous_15)
FNF:16
FNH:1
FNDA:0,Book
FNDA:0,getBook
FNDA:0,storeBook
FNDA:0,deleteBook
FNDA:0,(anonymous_4)
FNDA:0,addBookToLibrary
FNDA:0,(anonymous_6)
FNDA:0,showAllBooks
FNDA:0,(anonymous_8)
FNDA:2,showAlert
FNDA:0,(anonymous_10)
FNDA:0,displayBook
FNDA:0,(anonymous_12)
FNDA:0,removeBook
FNDA:0,(anonymous_14)
FNDA:0,(anonymous_15)
DA:1,1
DA:4,0
DA:5,0
DA:6,0
DA:7,0
DA:11,0
DA:12,0
DA:14,0
DA:16,0
DA:20,0
DA:24,0
DA:25,0
DA:26,0
DA:29,0
DA:33,0
DA:34,0
DA:35,0
DA:36,0
DA:37,0
DA:38,0
DA:39,0
DA:40,0
DA:41,0
DA:43,0
DA:45,0
DA:46,0
DA:47,0
DA:48,0
DA:49,0
DA:50,0
DA:52,0
DA:53,0
DA:54,0
DA:55,0
DA:56,0
DA:61,0
DA:62,0
DA:67,2
DA:68,0
DA:69,0
DA:70,0
DA:71,0
DA:72,0
DA:74,0
DA:78,0
DA:79,0
DA:80,0
DA:81,0
DA:83,0
DA:91,0
DA:92,0
DA:94,0
DA:95,0
DA:96,0
DA:101,0
DA:102,0
DA:103,0
DA:104,0
DA:105,0
DA:109,1
DA:110,0
DA:111,0
DA:112,0
DA:113,0
DA:114,0
DA:115,0
DA:117,0
DA:122,1
DA:123,1
DA:124,1
DA:125,1
DA:126,1
DA:127,1
DA:128,1
LF:74
LH:10
BRDA:11,0,0,0
BRDA:11,0,1,0
BRDA:25,1,0,0
BRDA:25,1,1,0
BRDA:45,2,0,0
BRDA:45,2,1,0
BRDA:45,3,0,0
BRDA:45,3,1,0
BRDA:45,3,2,0
BRDA:45,3,3,0
BRDA:47,4,0,0
BRDA:47,4,1,0
BRDA:49,5,0,0
BRDA:49,5,1,0
BRDA:101,6,0,0
BRDA:101,6,1,0
BRDA:114,7,0,0
BRDA:114,7,1,0
BRF:18
BRH:0
end_of_record
